[10-Feb-2021 08:41:35 UTC] PHP Warning:  An unexpected error occurred. Something may be wrong with WordPress.org or this server&#8217;s configuration. If you continue to have problems, please try the <a href="https://wordpress.org/support/forums/">support forums</a>. (WordPress could not establish a secure connection to WordPress.org. Please contact your server administrator.) in /Users/gabrielasena/Desktop/sites/testewp/app/public/wp-includes/update.php on line 173
[10-Feb-2021 08:41:35 UTC] PHP Stack trace:
[10-Feb-2021 08:41:35 UTC] PHP   1. {main}() /Users/gabrielasena/Desktop/sites/testewp/app/public/wp-cron.php:0
[10-Feb-2021 08:41:35 UTC] PHP   2. do_action_ref_array() /Users/gabrielasena/Desktop/sites/testewp/app/public/wp-cron.php:138
[10-Feb-2021 08:41:35 UTC] PHP   3. WP_Hook->do_action() /Users/gabrielasena/Desktop/sites/testewp/app/public/wp-includes/plugin.php:551
[10-Feb-2021 08:41:35 UTC] PHP   4. WP_Hook->apply_filters() /Users/gabrielasena/Desktop/sites/testewp/app/public/wp-includes/class-wp-hook.php:311
[10-Feb-2021 08:41:35 UTC] PHP   5. wp_version_check() /Users/gabrielasena/Desktop/sites/testewp/app/public/wp-includes/class-wp-hook.php:287
[10-Feb-2021 08:41:35 UTC] PHP   6. trigger_error() /Users/gabrielasena/Desktop/sites/testewp/app/public/wp-includes/update.php:173
[10-Feb-2021 08:41:35 UTC] PHP Warning:  An unexpected error occurred. Something may be wrong with WordPress.org or this server&#8217;s configuration. If you continue to have problems, please try the <a href="https://wordpress.org/support/forums/">support forums</a>. (WordPress could not establish a secure connection to WordPress.org. Please contact your server administrator.) in /Users/gabrielasena/Desktop/sites/testewp/app/public/wp-includes/update.php on line 408
[10-Feb-2021 08:41:35 UTC] PHP Stack trace:
[10-Feb-2021 08:41:35 UTC] PHP   1. {main}() /Users/gabrielasena/Desktop/sites/testewp/app/public/wp-cron.php:0
[10-Feb-2021 08:41:35 UTC] PHP   2. do_action_ref_array() /Users/gabrielasena/Desktop/sites/testewp/app/public/wp-cron.php:138
[10-Feb-2021 08:41:35 UTC] PHP   3. WP_Hook->do_action() /Users/gabrielasena/Desktop/sites/testewp/app/public/wp-includes/plugin.php:551
[10-Feb-2021 08:41:35 UTC] PHP   4. WP_Hook->apply_filters() /Users/gabrielasena/Desktop/sites/testewp/app/public/wp-includes/class-wp-hook.php:311
[10-Feb-2021 08:41:35 UTC] PHP   5. wp_update_plugins() /Users/gabrielasena/Desktop/sites/testewp/app/public/wp-includes/class-wp-hook.php:287
[10-Feb-2021 08:41:35 UTC] PHP   6. trigger_error() /Users/gabrielasena/Desktop/sites/testewp/app/public/wp-includes/update.php:408
[11-Feb-2021 08:51:33 UTC] PHP Warning:  An unexpected error occurred. Something may be wrong with WordPress.org or this server&#8217;s configuration. If you continue to have problems, please try the <a href="https://wordpress.org/support/forums/">support forums</a>. (WordPress could not establish a secure connection to WordPress.org. Please contact your server administrator.) in /Users/gabrielasena/Desktop/sites/testewp/app/public/wp-includes/update.php on line 173
[11-Feb-2021 08:51:33 UTC] PHP Stack trace:
[11-Feb-2021 08:51:33 UTC] PHP   1. {main}() /Users/gabrielasena/Desktop/sites/testewp/app/public/wp-cron.php:0
[11-Feb-2021 08:51:33 UTC] PHP   2. do_action_ref_array() /Users/gabrielasena/Desktop/sites/testewp/app/public/wp-cron.php:138
[11-Feb-2021 08:51:33 UTC] PHP   3. WP_Hook->do_action() /Users/gabrielasena/Desktop/sites/testewp/app/public/wp-includes/plugin.php:551
[11-Feb-2021 08:51:33 UTC] PHP   4. WP_Hook->apply_filters() /Users/gabrielasena/Desktop/sites/testewp/app/public/wp-includes/class-wp-hook.php:311
[11-Feb-2021 08:51:33 UTC] PHP   5. wp_version_check() /Users/gabrielasena/Desktop/sites/testewp/app/public/wp-includes/class-wp-hook.php:287
[11-Feb-2021 08:51:33 UTC] PHP   6. trigger_error() /Users/gabrielasena/Desktop/sites/testewp/app/public/wp-includes/update.php:173
[11-Feb-2021 08:51:33 UTC] PHP Warning:  An unexpected error occurred. Something may be wrong with WordPress.org or this server&#8217;s configuration. If you continue to have problems, please try the <a href="https://wordpress.org/support/forums/">support forums</a>. (WordPress could not establish a secure connection to WordPress.org. Please contact your server administrator.) in /Users/gabrielasena/Desktop/sites/testewp/app/public/wp-includes/update.php on line 408
[11-Feb-2021 08:51:33 UTC] PHP Stack trace:
[11-Feb-2021 08:51:33 UTC] PHP   1. {main}() /Users/gabrielasena/Desktop/sites/testewp/app/public/wp-cron.php:0
[11-Feb-2021 08:51:33 UTC] PHP   2. do_action_ref_array() /Users/gabrielasena/Desktop/sites/testewp/app/public/wp-cron.php:138
[11-Feb-2021 08:51:33 UTC] PHP   3. WP_Hook->do_action() /Users/gabrielasena/Desktop/sites/testewp/app/public/wp-includes/plugin.php:551
[11-Feb-2021 08:51:33 UTC] PHP   4. WP_Hook->apply_filters() /Users/gabrielasena/Desktop/sites/testewp/app/public/wp-includes/class-wp-hook.php:311
[11-Feb-2021 08:51:33 UTC] PHP   5. wp_update_plugins() /Users/gabrielasena/Desktop/sites/testewp/app/public/wp-includes/class-wp-hook.php:287
[11-Feb-2021 08:51:33 UTC] PHP   6. trigger_error() /Users/gabrielasena/Desktop/sites/testewp/app/public/wp-includes/update.php:408
[11-Feb-2021 08:51:33 UTC] PHP Warning:  An unexpected error occurred. Something may be wrong with WordPress.org or this server&#8217;s configuration. If you continue to have problems, please try the <a href="https://wordpress.org/support/forums/">support forums</a>. (WordPress could not establish a secure connection to WordPress.org. Please contact your server administrator.) in /Users/gabrielasena/Desktop/sites/testewp/app/public/wp-includes/update.php on line 612
[11-Feb-2021 08:51:33 UTC] PHP Stack trace:
[11-Feb-2021 08:51:33 UTC] PHP   1. {main}() /Users/gabrielasena/Desktop/sites/testewp/app/public/wp-cron.php:0
[11-Feb-2021 08:51:33 UTC] PHP   2. do_action_ref_array() /Users/gabrielasena/Desktop/sites/testewp/app/public/wp-cron.php:138
[11-Feb-2021 08:51:33 UTC] PHP   3. WP_Hook->do_action() /Users/gabrielasena/Desktop/sites/testewp/app/public/wp-includes/plugin.php:551
[11-Feb-2021 08:51:33 UTC] PHP   4. WP_Hook->apply_filters() /Users/gabrielasena/Desktop/sites/testewp/app/public/wp-includes/class-wp-hook.php:311
[11-Feb-2021 08:51:33 UTC] PHP   5. wp_update_themes() /Users/gabrielasena/Desktop/sites/testewp/app/public/wp-includes/class-wp-hook.php:287
[11-Feb-2021 08:51:33 UTC] PHP   6. trigger_error() /Users/gabrielasena/Desktop/sites/testewp/app/public/wp-includes/update.php:612
[11-Feb-2021 10:39:02 UTC] PHP Fatal error:  Uncaught Error: Call to undefined function wp_header() in /Users/gabrielasena/Desktop/sites/testewp/app/public/wp-content/themes/rest-inicio/index.php:1
Stack trace:
#0 /Users/gabrielasena/Desktop/sites/testewp/app/public/wp-includes/template-loader.php(106): include()
#1 /Users/gabrielasena/Desktop/sites/testewp/app/public/wp-blog-header.php(19): require_once('/Users/gabriela...')
#2 /Users/gabrielasena/Desktop/sites/testewp/app/public/index.php(17): require('/Users/gabriela...')
#3 {main}
  thrown in /Users/gabrielasena/Desktop/sites/testewp/app/public/wp-content/themes/rest-inicio/index.php on line 1
[12-Feb-2021 09:08:09 UTC] PHP Warning:  An unexpected error occurred. Something may be wrong with WordPress.org or this server&#8217;s configuration. If you continue to have problems, please try the <a href="https://wordpress.org/support/forums/">support forums</a>. (WordPress could not establish a secure connection to WordPress.org. Please contact your server administrator.) in /Users/gabrielasena/Desktop/sites/testewp/app/public/wp-includes/update.php on line 173
[12-Feb-2021 09:08:09 UTC] PHP Stack trace:
[12-Feb-2021 09:08:09 UTC] PHP   1. {main}() /Users/gabrielasena/Desktop/sites/testewp/app/public/wp-cron.php:0
[12-Feb-2021 09:08:09 UTC] PHP   2. do_action_ref_array() /Users/gabrielasena/Desktop/sites/testewp/app/public/wp-cron.php:138
[12-Feb-2021 09:08:09 UTC] PHP   3. WP_Hook->do_action() /Users/gabrielasena/Desktop/sites/testewp/app/public/wp-includes/plugin.php:551
[12-Feb-2021 09:08:09 UTC] PHP   4. WP_Hook->apply_filters() /Users/gabrielasena/Desktop/sites/testewp/app/public/wp-includes/class-wp-hook.php:311
[12-Feb-2021 09:08:09 UTC] PHP   5. wp_version_check() /Users/gabrielasena/Desktop/sites/testewp/app/public/wp-includes/class-wp-hook.php:287
[12-Feb-2021 09:08:09 UTC] PHP   6. trigger_error() /Users/gabrielasena/Desktop/sites/testewp/app/public/wp-includes/update.php:173
